<?xml version="1.0" encoding="UTF-8"?>
<testsuite xmlns:xsi="http://www.w3.org/2001/XMLSchema-instance" xsi:noNamespaceSchemaLocation="https://maven.apache.org/surefire/maven-surefire-plugin/xsd/surefire-test-report-3.0.xsd" version="3.0" name="aucalibrary_MGT_system.tests.ShelfServiceTest" time="0.533" tests="2" errors="2" skipped="0" failures="0">
  <properties>
[...]
</properties>
  <testcase name="testAssignShelfToRoom" classname="aucalibrary_MGT_system.tests.ShelfServiceTest" time="0.515">
    <error type="java.lang.ExceptionInInitializerError"><![CDATA[java.lang.ExceptionInInitializerError
	at aucalibrary_MGT.hibernate.HibernateUtil.<clinit>(HibernateUtil.java:15)
	at aucalibrary_MGT_system.dao.RoomDAO.save(RoomDAO.java:15)
	at aucalibrary_MGT_system.tests.ShelfServiceTest.setUp(ShelfServiceTest.java:33)
	at java.base/java.lang.reflect.Method.invoke(Method.java:580)
	at java.base/java.util.ArrayList.forEach(ArrayList.java:1597)
	at java.base/java.util.ArrayList.forEach(ArrayList.java:1597)
Caused by: java.lang.NoClassDefFoundError: javax/xml/bind/JAXBException
	at org.hibernate.boot.spi.XmlMappingBinderAccess.<init>(XmlMappingBinderAccess.java:43)
	at org.hibernate.boot.MetadataSources.<init>(MetadataSources.java:86)
	at org.hibernate.cfg.Configuration.<init>(Configuration.java:123)
	at org.hibernate.cfg.Configuration.<init>(Configuration.java:118)
	at aucalibrary_MGT.hibernate.HibernateUtil.<clinit>(HibernateUtil.java:13)
	... 5 more
Caused by: java.lang.ClassNotFoundException: javax.xml.bind.JAXBException
	at java.base/jdk.internal.loader.BuiltinClassLoader.loadClass(BuiltinClassLoader.java:641)
	at java.base/jdk.internal.loader.ClassLoaders$AppClassLoader.loadClass(ClassLoaders.java:188)
	at java.base/java.lang.ClassLoader.loadClass(ClassLoader.java:525)
	... 10 more
]]></error>
    <system-out><![CDATA[19:09:43.702 [main] DEBUG org.jboss.logging -- Logging Provider: org.jboss.logging.Slf4jLoggerProvider
19:09:43.726 [main] DEBUG org.hibernate.integrator.internal.IntegratorServiceImpl -- Adding Integrator [org.hibernate.cfg.beanvalidation.BeanValidationIntegrator].
19:09:43.726 [main] DEBUG org.hibernate.integrator.internal.IntegratorServiceImpl -- Adding Integrator [org.hibernate.secure.spi.JaccIntegrator].
19:09:43.746 [main] DEBUG org.hibernate.integrator.internal.IntegratorServiceImpl -- Adding Integrator [org.hibernate.cache.internal.CollectionCacheInvalidator].
]]></system-out>
  </testcase>
  <testcase name="testCountBooksInRoom" classname="aucalibrary_MGT_system.tests.ShelfServiceTest" time="0.007">
    <error message="Could not initialize class aucalibrary_MGT.hibernate.HibernateUtil" type="java.lang.NoClassDefFoundError"><![CDATA[java.lang.NoClassDefFoundError: Could not initialize class aucalibrary_MGT.hibernate.HibernateUtil
	at aucalibrary_MGT_system.dao.RoomDAO.save(RoomDAO.java:15)
	at aucalibrary_MGT_system.tests.ShelfServiceTest.setUp(ShelfServiceTest.java:33)
	at java.base/java.lang.reflect.Method.invoke(Method.java:580)
	at java.base/java.util.ArrayList.forEach(ArrayList.java:1597)
	at java.base/java.util.ArrayList.forEach(ArrayList.java:1597)
Caused by: java.lang.ExceptionInInitializerError: Exception java.lang.ExceptionInInitializerError [in thread "main"]
	at aucalibrary_MGT.hibernate.HibernateUtil.<clinit>(HibernateUtil.java:15)
	... 5 more
]]></error>
  </testcase>
</testsuite>