<?xml version="1.0" encoding="UTF-8"?>
<testsuite xmlns:xsi="http://www.w3.org/2001/XMLSchema-instance" xsi:noNamespaceSchemaLocation="https://maven.apache.org/surefire/maven-surefire-plugin/xsd/surefire-test-report-3.0.xsd" version="3.0" name="aucalibrary_MGT_system.tests.BorrowerServiceTest" time="0.255" tests="1" errors="1" skipped="0" failures="0">
  <properties>
[...]
</properties>
  <testcase name="testCalculateLateFees" classname="aucalibrary_MGT_system.tests.BorrowerServiceTest" time="0.126">
    <error message="Cannot invoke &quot;aucalibrary_MGT_system.models.User.getMembership()&quot; because the return value of &quot;aucalibrary_MGT_system.models.Book.getBorrowedBy()&quot; is null" type="java.lang.NullPointerException"><![CDATA[java.lang.NullPointerException: Cannot invoke "aucalibrary_MGT_system.models.User.getMembership()" because the return value of "aucalibrary_MGT_system.models.Book.getBorrowedBy()" is null
	at aucalibrary_MGT_system.services.BorrowerService.calculateLateFees(BorrowerService.java:61)
	at aucalibrary_MGT_system.tests.BorrowerServiceTest.testCalculateLateFees(BorrowerServiceTest.java:44)
	at java.base/java.lang.reflect.Method.invoke(Method.java:580)
	at java.base/java.util.ArrayList.forEach(ArrayList.java:1597)
	at java.base/java.util.ArrayList.forEach(ArrayList.java:1597)
]]></error>
  </testcase>
</testsuite>